[Licensing::Module] Trying to connect to existing licensing client channel...
Built from '6000.3/staging' branch; Version is '6000.3.4f1 (fdd3b8998ec4) revision 16634808'; Using compiler version '194234433'; Build Type 'Release'
OS: 'Windows 10  (10.0.19045) 64bit Professional' Language: 'ko' Physical Memory: 32160 MB
[Licensing::IpcConnector] Successfully connected to: "LicenseClient-soboru" at "2026-01-25T03:43:11.6832098Z"
BatchMode: 1, IsHumanControllingUs: 0, StartBugReporterOnCrash: 0, Is64bit: 1
System  architecture: x64
Process architecture: x64
Date: 2026-01-25T03:43:11Z

COMMAND LINE ARGUMENTS:
C:\Users\soboru\Desktop\6000.3.4f1\Editor\Unity.exe
-adb2
-batchMode
-noUpm
-name
AssetImportWorker1
-projectPath
C:/Users/soboru/Desktop/unity/Survival
-logFile
Logs/AssetImportWorker1.log
-srvPort
1919
-licensingIpc
LicenseClient-soboru
-job-worker-count
7
-background-job-worker-count
8
-gc-helper-count
1
-name
AssetImport
Successfully changed project path to: C:/Users/soboru/Desktop/unity/Survival
C:/Users/soboru/Desktop/unity/Survival
[UnityMemory] Configuration Parameters - Can be set up in boot.config
    "memorysetup-temp-allocator-size-nav-mesh-worker=65536"
    "memorysetup-temp-allocator-size-audio-worker=65536"
    "memorysetup-temp-allocator-size-gfx=262144"
    "memorysetup-allocator-temp-initial-block-size-main=262144"
    "memorysetup-allocator-temp-initial-block-size-worker=262144"
    "memorysetup-temp-allocator-size-background-worker=32768"
    "memorysetup-temp-allocator-size-job-worker=262144"
    "memorysetup-temp-allocator-size-preload-manager=33554432"
    "memorysetup-temp-allocator-size-gi-baking-worker=262144"
    "memorysetup-temp-allocator-size-gi-baking-worker=262144"
    "memorysetup-temp-allocator-size-gi-baking-worker=262144"
    "memorysetup-temp-allocator-size-gi-baking-worker=262144"
    "memorysetup-temp-allocator-size-gi-baking-worker=262144"
    "memorysetup-bucket-allocator-granularity=16"
    "memorysetup-bucket-allocator-bucket-count=8"
    "memorysetup-bucket-allocator-block-size=33554432"
    "memorysetup-bucket-allocator-block-count=8"
    "memorysetup-main-allocator-block-size=16777216"
    "memorysetup-thread-allocator-block-size=16777216"
    "memorysetup-gfx-main-allocator-block-size=16777216"
    "memorysetup-gfx-thread-allocator-block-size=16777216"
    "memorysetup-cache-allocator-block-size=4194304"
    "memorysetup-typetree-allocator-block-size=2097152"
    "memorysetup-profiler-bucket-allocator-granularity=16"
    "memorysetup-profiler-bucket-allocator-bucket-count=8"
    "memorysetup-profiler-bucket-allocator-block-size=33554432"
    "memorysetup-profiler-bucket-allocator-block-count=8"
    "memorysetup-profiler-allocator-block-size=16777216"
    "memorysetup-profiler-editor-allocator-block-size=1048576"
    "memorysetup-temp-allocator-size-main=16777216"
    "memorysetup-job-temp-allocator-block-size=2097152"
    "memorysetup-job-temp-allocator-block-size-background=1048576"
    "memorysetup-job-temp-allocator-reduction-small-platforms=262144"
    "memorysetup-temp-allocator-size-cloud-worker=32768"
Player connection [13004]  Target information:

Player connection [13004]  * "[IP] 192.168.0.6 [Port] 0 [Flags] 2 [Guid] 3674340614 [EditorId] 3674340614 [Version] 1048832 [Id] WindowsEditor(7,DESKTOP-F3DJ31G) [Debug] 1 [PackageName] WindowsEditor [ProjectName] Editor" 

Player connection [13004] Host joined multi-casting on [225.0.0.222:54997]...
Player connection [13004] Host joined alternative multi-casting on [225.0.0.222:34997]...
JobSystem: Creating JobQueue using job-worker-count value 7
Input System module state changed to: Initialized.
[Physics::Module] Initialized fallback backend.
[Physics::Module] Id: 0xdecafbad
Library Redirect Path: Library/
[Physics::Module] Selected backend.
[Physics::Module] Name: PhysX
[Physics::Module] Id: 0xf2b8ea05
[Physics::Module] SDK Version: 4.1.2
[Physics::Module] Integration Version: 1.0.0
[Physics::Module] Threading Mode: Multi-Threaded
Refreshing native plugins compatible for Editor in 3.21 ms, found 3 plugins.
Preloading 0 native plugins for Editor in 0.00 ms.
Initialize engine version: 6000.3.4f1 (fdd3b8998ec4)
[Subsystems] Discovering subsystems at path C:/Users/soboru/Desktop/6000.3.4f1/Editor/Data/Resources/UnitySubsystems
[Subsystems] Discovering subsystems at path C:/Users/soboru/Desktop/unity/Survival/Assets
GfxDevice: creating device client; kGfxThreadingModeNonThreaded
Direct3D:
    Version:  Direct3D 11.0 [level 11.1]
    Renderer: NVIDIA GeForce RTX 3080 Laptop GPU (ID=0x249c)
    Vendor:   NVIDIA
    VRAM:     8017 MB
    Driver:   32.0.15.8129
Initialize mono
Mono path[0] = 'C:/Users/soboru/Desktop/6000.3.4f1/Editor/Data/Managed'
Mono path[1] = 'C:/Users/soboru/Desktop/6000.3.4f1/Editor/Data/MonoBleedingEdge/lib/mono/unityjit-win32'
Mono config path = 'C:/Users/soboru/Desktop/6000.3.4f1/Editor/Data/MonoBleedingEdge/etc'
Using monoOptions --debugger-agent=transport=dt_socket,embedding=1,server=y,suspend=n,address=127.0.0.1:56236
Begin MonoManager ReloadAssembly
Registering precompiled unity dll's ...
Register platform support module: C:/Users/soboru/Desktop/6000.3.4f1/Editor/Data/PlaybackEngines/WindowsStandaloneSupport/UnityEditor.WindowsStandalone.Extensions.dll
Registered in 0.003117 seconds.
- Loaded All Assemblies, in  0.643 seconds
[Licensing::Client] Handshaking with LicensingClient:
  Version:                 1.17.4+4293ba1
  Session Id:              3d55cfe7229f45e7923bf9250859b6ba
  Correlation Id:          fc18caee2e93d2fb06af6e33997ab1dc
  External correlation Id: 5178055053899645806
  Machine Id:              svbLyryIZABXboGg3V0Vk/gIr6Q=
[Licensing::Module] Successfully connected to LicensingClient on channel: "LicenseClient-soboru" (connect: 0.00s, validation: 0.00s, handshake: 1.35s)
[Licensing::IpcConnector] Successfully connected to: "LicenseClient-soboru-notifications" at "2026-01-25T03:43:13.0345241Z"
[Licensing::Module] Licensing Background thread has ended after 1.35s
Native extension for WindowsStandalone target not found
ScheduleIndexationOnStartup MainProcess:False IndexOnStartup:True
Mono: successfully reloaded assembly
- Finished resetting the current domain, in  0.489 seconds
Domain Reload Profiling: 1127ms
	BeginReloadAssembly (275ms)
		ExecutionOrderSort (0ms)
		DisableScriptedObjects (0ms)
		BackupInstance (0ms)
		ReleaseScriptingObjects (0ms)
		CreateAndSetChildDomain (1ms)
	RebuildCommonClasses (67ms)
	RebuildNativeTypeToScriptingClass (16ms)
	initialDomainReloadingComplete (70ms)
	LoadAllAssembliesAndSetupDomain (211ms)
		LoadAssemblies (263ms)
		RebuildTransferFunctionScriptingTraits (0ms)
		AnalyzeDomain (207ms)
			TypeCache.Refresh (205ms)
				TypeCache.ScanAssembly (190ms)
			BuildScriptInfoCaches (0ms)
			ResolveRequiredComponents (1ms)
	FinalizeReload (489ms)
		ReleaseScriptCaches (0ms)
		RebuildScriptCaches (0ms)
		SetupLoadedEditorAssemblies (446ms)
			LogAssemblyErrors (0ms)
			InitializePlatformSupportModulesInManaged (64ms)
			SetLoadedEditorAssemblies (4ms)
			BeforeProcessingInitializeOnLoad (101ms)
			ProcessInitializeOnLoadAttributes (185ms)
			ProcessInitializeOnLoadMethodAttributes (92ms)
			AfterProcessingInitializeOnLoad (0ms)
			EditorAssembliesLoaded (0ms)
		ExecutionOrderSort2 (0ms)
		AwakeInstancesAfterBackupRestoration (0ms)
========================================================================
Worker process is ready to serve import requests
Import Worker Mode flag is 0x00
Begin MonoManager ReloadAssembly
[Licensing::Client] Successfully resolved entitlement details
[Licensing::Module] License group:
  Id: 14568902219725-UnityPersXXXX
  Product: Unity Personal
  Type: Assigned
  Expiration: Unlimited
- Loaded All Assemblies, in  0.886 seconds
Refreshing native plugins compatible for Editor in 1.43 ms, found 3 plugins.
Native extension for WindowsStandalone target not found
Package Manager log level set to [2]
[Package Manager] Failed to launch server process. Reason: Unity was launched with the -noUpm command-line argument
[Package Manager] Unable to send message (not connected to server process).
[Package Manager] Cannot connect to Unity Package Manager local server
ScheduleIndexationOnStartup MainProcess:False IndexOnStartup:True
Mono: successfully reloaded assembly
- Finished resetting the current domain, in  0.837 seconds
Domain Reload Profiling: 1714ms
	BeginReloadAssembly (270ms)
		ExecutionOrderSort (0ms)
		DisableScriptedObjects (9ms)
		BackupInstance (0ms)
		ReleaseScriptingObjects (0ms)
		CreateAndSetChildDomain (40ms)
	RebuildCommonClasses (52ms)
	RebuildNativeTypeToScriptingClass (15ms)
	initialDomainReloadingComplete (50ms)
	LoadAllAssembliesAndSetupDomain (489ms)
		LoadAssemblies (414ms)
		RebuildTransferFunctionScriptingTraits (0ms)
		AnalyzeDomain (237ms)
			TypeCache.Refresh (189ms)
				TypeCache.ScanAssembly (172ms)
			BuildScriptInfoCaches (40ms)
			ResolveRequiredComponents (5ms)
	FinalizeReload (838ms)
		ReleaseScriptCaches (0ms)
		RebuildScriptCaches (0ms)
		SetupLoadedEditorAssemblies (660ms)
			LogAssemblyErrors (0ms)
			InitializePlatformSupportModulesInManaged (2ms)
			SetLoadedEditorAssemblies (4ms)
			BeforeProcessingInitializeOnLoad (183ms)
			ProcessInitializeOnLoadAttributes (407ms)
			ProcessInitializeOnLoadMethodAttributes (50ms)
			AfterProcessingInitializeOnLoad (13ms)
			EditorAssembliesLoaded (0ms)
		ExecutionOrderSort2 (0ms)
		AwakeInstancesAfterBackupRestoration (14ms)
Launched and connected shader compiler UnityShaderCompiler.exe after 0.04 seconds
Refreshing native plugins compatible for Editor in 1.29 ms, found 3 plugins.
Preloading 0 native plugins for Editor in 0.00 ms.
Unloading 0 Unused Serialized files (Serialized files now loaded: 0)
Unloading 3895 unused Assets / (1.4 MB). Loaded Objects now: 4480.
Memory consumption went from 98.1 MB to 96.7 MB.
Total: 10.813300 ms (FindLiveObjects: 0.760000 ms CreateObjectMapping: 0.485400 ms MarkObjects: 8.180000 ms  DeleteObjects: 1.386000 ms)

========================================================================
Received Import Request.
  Time since last request: 3791.804689 seconds.
  path: Assets/Scripts/PlayerController.cs
  artifactKey: Guid(ddcf69f6df9dc4f45ac2d81a31878be2) Importer(2089858483,b0f066a214c2f5e87bad3c948f4d605d)
Start importing Assets/Scripts/PlayerController.cs using Guid(ddcf69f6df9dc4f45ac2d81a31878be2) Importer(2089858483,b0f066a214c2f5e87bad3c948f4d605d) (ScriptedImporter) -> (artifact id: '18b863c77084482ec253c72fd09a1e69') in 0.1141981 seconds
Number of updated asset objects reloaded before import = 0Number of asset objects unloaded after import = 0

========================================================================
Received Import Request.
  Time since last request: 1749.360169 seconds.
  path: Assets/Image/UI/Archemy Table/Archemy_Base_UI.png
  artifactKey: Guid(f9a80b06efc28b543aa55973b7244bb8) Importer(815301076,1909f56bfc062723c751e8b465ee728b)
Start importing Assets/Image/UI/Archemy Table/Archemy_Base_UI.png using Guid(f9a80b06efc28b543aa55973b7244bb8) Importer(815301076,1909f56bfc062723c751e8b465ee728b) (PreviewImporter) -> (artifact id: '9e44ae26f64cd380bfc1b98d1ae2f8be') in 0.0555141 seconds
Number of updated asset objects reloaded before import = 0Number of asset objects unloaded after import = 2

========================================================================
Received Import Request.
  Time since last request: 0.000024 seconds.
  path: Assets/Image/UI/Archemy Table/Archemy_Button.png
  artifactKey: Guid(5b9e6f6d09580044d9572f1107e35bd5) Importer(815301076,1909f56bfc062723c751e8b465ee728b)
Start importing Assets/Image/UI/Archemy Table/Archemy_Button.png using Guid(5b9e6f6d09580044d9572f1107e35bd5) Importer(815301076,1909f56bfc062723c751e8b465ee728b) (PreviewImporter) -> (artifact id: '4ad42665c61c4075bd58a3e08ae41886') in 0.0152796 seconds
Number of updated asset objects reloaded before import = 0Number of asset objects unloaded after import = 2

========================================================================
Received Import Request.
  Time since last request: 0.000019 seconds.
  path: Assets/Image/UI/BasicSurvivalKitComputer/BasicSurvivalKitComputer_UI_ToolTip.png
  artifactKey: Guid(fc27ca54de0431f479aab7c9b54f66fa) Importer(815301076,1909f56bfc062723c751e8b465ee728b)
Start importing Assets/Image/UI/BasicSurvivalKitComputer/BasicSurvivalKitComputer_UI_ToolTip.png using Guid(fc27ca54de0431f479aab7c9b54f66fa) Importer(815301076,1909f56bfc062723c751e8b465ee728b) (PreviewImporter) -> (artifact id: '434251418623e77d5e76bcf34e206785') in 0.0146101 seconds
Number of updated asset objects reloaded before import = 0Number of asset objects unloaded after import = 2

========================================================================
Received Import Request.
  Time since last request: 0.000018 seconds.
  path: Assets/Image/UI/Craft_Manual/Craft_Manual_Base_Tab.png
  artifactKey: Guid(2c2386276bd08a94aa64427936e83cdf) Importer(815301076,1909f56bfc062723c751e8b465ee728b)
Start importing Assets/Image/UI/Craft_Manual/Craft_Manual_Base_Tab.png using Guid(2c2386276bd08a94aa64427936e83cdf) Importer(815301076,1909f56bfc062723c751e8b465ee728b) (PreviewImporter) -> (artifact id: '975ccaa1257075046e9cbaeb9990b280') in 0.0135868 seconds
Number of updated asset objects reloaded before import = 0Number of asset objects unloaded after import = 2

========================================================================
Received Import Request.
  Time since last request: 0.000020 seconds.
  path: Assets/Image/UI/Craft_Manual/Craft_Manual_Base_UI.png
  artifactKey: Guid(2d427c3530d71f94081592d50d64a05e) Importer(815301076,1909f56bfc062723c751e8b465ee728b)
Start importing Assets/Image/UI/Craft_Manual/Craft_Manual_Base_UI.png using Guid(2d427c3530d71f94081592d50d64a05e) Importer(815301076,1909f56bfc062723c751e8b465ee728b) (PreviewImporter) -> (artifact id: '6e18ca23f0e3b8888d8c2653959cd193') in 0.0151265 seconds
Number of updated asset objects reloaded before import = 0Number of asset objects unloaded after import = 2

========================================================================
Received Import Request.
  Time since last request: 0.000024 seconds.
  path: Assets/Image/UI/Craft_Manual/Craft_Manual_Tab_2.png
  artifactKey: Guid(d8b953d59a4498646836b815b327174d) Importer(815301076,1909f56bfc062723c751e8b465ee728b)
Start importing Assets/Image/UI/Craft_Manual/Craft_Manual_Tab_2.png using Guid(d8b953d59a4498646836b815b327174d) Importer(815301076,1909f56bfc062723c751e8b465ee728b) (PreviewImporter) -> (artifact id: '04ef1d962c8f0d19849519102be3054f') in 0.0229256 seconds
Number of updated asset objects reloaded before import = 0Number of asset objects unloaded after import = 2

========================================================================
Received Import Request.
  Time since last request: 0.000019 seconds.
  path: Assets/Image/UI/Craft_Manual/Craft_Manul_BuildTab_Pillar.png
  artifactKey: Guid(9721c496dfb1be74bb3a9883b320d549) Importer(815301076,1909f56bfc062723c751e8b465ee728b)
Start importing Assets/Image/UI/Craft_Manual/Craft_Manul_BuildTab_Pillar.png using Guid(9721c496dfb1be74bb3a9883b320d549) Importer(815301076,1909f56bfc062723c751e8b465ee728b) (PreviewImporter) -> (artifact id: 'c479c973c78f8a2036175c80ee1df61b') in 0.0131096 seconds
Number of updated asset objects reloaded before import = 0Number of asset objects unloaded after import = 2

========================================================================
Received Import Request.
  Time since last request: 0.000022 seconds.
  path: Assets/Image/UI/Craft_Manual/Craft_Manul_BuildTab_Roof Cliff.png
  artifactKey: Guid(5b8c98d31005e724b8df5dddb5af4895) Importer(815301076,1909f56bfc062723c751e8b465ee728b)
Start importing Assets/Image/UI/Craft_Manual/Craft_Manul_BuildTab_Roof Cliff.png using Guid(5b8c98d31005e724b8df5dddb5af4895) Importer(815301076,1909f56bfc062723c751e8b465ee728b) (PreviewImporter) -> (artifact id: 'f53d9c38fa674e1acd50abe71b20571c') in 0.0122237 seconds
Number of updated asset objects reloaded before import = 0Number of asset objects unloaded after import = 2

========================================================================
Received Import Request.
  Time since last request: 0.000023 seconds.
  path: Assets/Image/UI/Craft_Manual/Craft_Manul_BuildTab_Roof Tip.png
  artifactKey: Guid(428cd272f920266429e6b821fbdc6145) Importer(815301076,1909f56bfc062723c751e8b465ee728b)
Start importing Assets/Image/UI/Craft_Manual/Craft_Manul_BuildTab_Roof Tip.png using Guid(428cd272f920266429e6b821fbdc6145) Importer(815301076,1909f56bfc062723c751e8b465ee728b) (PreviewImporter) -> (artifact id: 'c7c2a8ec1c339978a7fccecf2c79f450') in 0.0164025 seconds
Number of updated asset objects reloaded before import = 0Number of asset objects unloaded after import = 2

========================================================================
Received Import Request.
  Time since last request: 0.000019 seconds.
  path: Assets/Image/UI/Craft_Manual/Craft_Manul_BuildTab_Stair Pillar.png
  artifactKey: Guid(d6901de0def14004ba65ecee31d0cd50) Importer(815301076,1909f56bfc062723c751e8b465ee728b)
Start importing Assets/Image/UI/Craft_Manual/Craft_Manul_BuildTab_Stair Pillar.png using Guid(d6901de0def14004ba65ecee31d0cd50) Importer(815301076,1909f56bfc062723c751e8b465ee728b) (PreviewImporter) -> (artifact id: 'ab44e272532270beed89e96e97a2cf9f') in 0.0140823 seconds
Number of updated asset objects reloaded before import = 0Number of asset objects unloaded after import = 2

========================================================================
Received Import Request.
  Time since last request: 0.000036 seconds.
  path: Assets/Image/UI/Craft_Manual/Craft_Manul_BuildTab_Wall.png
  artifactKey: Guid(4e73409d75e77504198452cc306ca926) Importer(815301076,1909f56bfc062723c751e8b465ee728b)
Start importing Assets/Image/UI/Craft_Manual/Craft_Manul_BuildTab_Wall.png using Guid(4e73409d75e77504198452cc306ca926) Importer(815301076,1909f56bfc062723c751e8b465ee728b) (PreviewImporter) -> (artifact id: '24767889f007cbcbbeef64ae2e5f285a') in 0.0131515 seconds
Number of updated asset objects reloaded before import = 0Number of asset objects unloaded after import = 2

========================================================================
Received Import Request.
  Time since last request: 0.000019 seconds.
  path: Assets/Image/UI/Craft_Manual/Craft_Manul_BuildTab_Wall_Short.png
  artifactKey: Guid(e9b4cc269313b6e4e9b187725bbdec20) Importer(815301076,1909f56bfc062723c751e8b465ee728b)
Start importing Assets/Image/UI/Craft_Manual/Craft_Manul_BuildTab_Wall_Short.png using Guid(e9b4cc269313b6e4e9b187725bbdec20) Importer(815301076,1909f56bfc062723c751e8b465ee728b) (PreviewImporter) -> (artifact id: '65a6aea92584d15a5ae3c4a95dfb2dab') in 0.0166147 seconds
Number of updated asset objects reloaded before import = 0Number of asset objects unloaded after import = 2

========================================================================
Received Import Request.
  Time since last request: 0.000018 seconds.
  path: Assets/Image/UI/Craft_Manual/Craft_Manul_FireTab_fire1.png
  artifactKey: Guid(c7238ddb966478341974bf2bfd5c72bc) Importer(815301076,1909f56bfc062723c751e8b465ee728b)
Start importing Assets/Image/UI/Craft_Manual/Craft_Manul_FireTab_fire1.png using Guid(c7238ddb966478341974bf2bfd5c72bc) Importer(815301076,1909f56bfc062723c751e8b465ee728b) (PreviewImporter) -> (artifact id: 'fe13cb6b69894c03eda8e584b6f7a21d') in 0.0127203 seconds
Number of updated asset objects reloaded before import = 0Number of asset objects unloaded after import = 2

========================================================================
Received Import Request.
  Time since last request: 0.002142 seconds.
  path: Assets/Image/Grass/grass.png
  artifactKey: Guid(7843f9d8523269040b01c47521387427) Importer(815301076,1909f56bfc062723c751e8b465ee728b)
Start importing Assets/Image/Grass/grass.png using Guid(7843f9d8523269040b01c47521387427) Importer(815301076,1909f56bfc062723c751e8b465ee728b) (PreviewImporter) -> (artifact id: 'e3e295b84326650445c9fee991df0947') in 0.0126348 seconds
Number of updated asset objects reloaded before import = 0Number of asset objects unloaded after import = 2

========================================================================
Received Import Request.
  Time since last request: 0.002625 seconds.
  path: Assets/Image/UI/Inventory/Inventory_Slot.png
  artifactKey: Guid(7dd56eceec6080d46b1711183105e2b6) Importer(815301076,1909f56bfc062723c751e8b465ee728b)
Start importing Assets/Image/UI/Inventory/Inventory_Slot.png using Guid(7dd56eceec6080d46b1711183105e2b6) Importer(815301076,1909f56bfc062723c751e8b465ee728b) (PreviewImporter) -> (artifact id: '492852bd3b1d1a0d49a36e198d0d3ef9') in 0.0125068 seconds
Number of updated asset objects reloaded before import = 0Number of asset objects unloaded after import = 2

========================================================================
Received Import Request.
  Time since last request: 0.002264 seconds.
  path: Assets/Image/Item/item_axe.png
  artifactKey: Guid(224ca788c5daff84fb3f9ef8c9d61cbf) Importer(815301076,1909f56bfc062723c751e8b465ee728b)
Start importing Assets/Image/Item/item_axe.png using Guid(224ca788c5daff84fb3f9ef8c9d61cbf) Importer(815301076,1909f56bfc062723c751e8b465ee728b) (PreviewImporter) -> (artifact id: '8ebf9659cec38905e3b704f361985ce5') in 0.013511 seconds
Number of updated asset objects reloaded before import = 0Number of asset objects unloaded after import = 2

========================================================================
Received Import Request.
  Time since last request: 0.001182 seconds.
  path: Assets/Image/Item/item_log.png
  artifactKey: Guid(3451099f4018f87409d89c543dcedd59) Importer(815301076,1909f56bfc062723c751e8b465ee728b)
Start importing Assets/Image/Item/item_log.png using Guid(3451099f4018f87409d89c543dcedd59) Importer(815301076,1909f56bfc062723c751e8b465ee728b) (PreviewImporter) -> (artifact id: '428894e7117c1be2219c4a188d0b51ff') in 0.0146366 seconds
Number of updated asset objects reloaded before import = 0Number of asset objects unloaded after import = 2

========================================================================
Received Import Request.
  Time since last request: 0.000018 seconds.
  path: Assets/Image/Item/item_rock.png
  artifactKey: Guid(78924928722fd5a409b7a6c8fc81b031) Importer(815301076,1909f56bfc062723c751e8b465ee728b)
Start importing Assets/Image/Item/item_rock.png using Guid(78924928722fd5a409b7a6c8fc81b031) Importer(815301076,1909f56bfc062723c751e8b465ee728b) (PreviewImporter) -> (artifact id: '3c20e3b00d0d9c26de10c9751a64deb9') in 0.011798 seconds
Number of updated asset objects reloaded before import = 0Number of asset objects unloaded after import = 2

========================================================================
Received Import Request.
  Time since last request: 0.000019 seconds.
  path: Assets/Image/Item/item_submachinegun2.png
  artifactKey: Guid(a5ed201fd04f19a41be436c946cd3aa9) Importer(815301076,1909f56bfc062723c751e8b465ee728b)
Start importing Assets/Image/Item/item_submachinegun2.png using Guid(a5ed201fd04f19a41be436c946cd3aa9) Importer(815301076,1909f56bfc062723c751e8b465ee728b) (PreviewImporter) -> (artifact id: 'f5228ed7c1e7c0dd791fed794ede6cbf') in 0.0119351 seconds
Number of updated asset objects reloaded before import = 0Number of asset objects unloaded after import = 2

========================================================================
Received Import Request.
  Time since last request: 0.001664 seconds.
  path: Assets/Image/Item/item_Used_Green_Potion.png
  artifactKey: Guid(9e43f63ca51e76743bd9f70a24f912e6) Importer(815301076,1909f56bfc062723c751e8b465ee728b)
Start importing Assets/Image/Item/item_Used_Green_Potion.png using Guid(9e43f63ca51e76743bd9f70a24f912e6) Importer(815301076,1909f56bfc062723c751e8b465ee728b) (PreviewImporter) -> (artifact id: 'c1e44b6bacfc19273b6b3e7ecf236958') in 0.0121033 seconds
Number of updated asset objects reloaded before import = 0Number of asset objects unloaded after import = 2

========================================================================
Received Import Request.
  Time since last request: 0.001820 seconds.
  path: Assets/Image/Item/item_Used_Meat_Cooked.png
  artifactKey: Guid(b7c741a3c5709ce4f8fa48c15b24e879) Importer(815301076,1909f56bfc062723c751e8b465ee728b)
Start importing Assets/Image/Item/item_Used_Meat_Cooked.png using Guid(b7c741a3c5709ce4f8fa48c15b24e879) Importer(815301076,1909f56bfc062723c751e8b465ee728b) (PreviewImporter) -> (artifact id: '11d7f3597efe58fea38969b995d5f4c0') in 0.0120248 seconds
Number of updated asset objects reloaded before import = 0Number of asset objects unloaded after import = 2

========================================================================
Received Import Request.
  Time since last request: 0.003319 seconds.
  path: Assets/Image/Item/item_Used_Red_Potion.png
  artifactKey: Guid(ff8fa57f293d05241b3acc738102b582) Importer(815301076,1909f56bfc062723c751e8b465ee728b)
Start importing Assets/Image/Item/item_Used_Red_Potion.png using Guid(ff8fa57f293d05241b3acc738102b582) Importer(815301076,1909f56bfc062723c751e8b465ee728b) (PreviewImporter) -> (artifact id: '296849de4a4027d0188240520af9313e') in 0.0132343 seconds
Number of updated asset objects reloaded before import = 0Number of asset objects unloaded after import = 2

========================================================================
Received Import Request.
  Time since last request: 0.001937 seconds.
  path: Assets/Image/UI/Oxygen/Oxygen_Base_Gauge.png
  artifactKey: Guid(c0f4bf379d073444192a9fbeaf501fea) Importer(815301076,1909f56bfc062723c751e8b465ee728b)
Start importing Assets/Image/UI/Oxygen/Oxygen_Base_Gauge.png using Guid(c0f4bf379d073444192a9fbeaf501fea) Importer(815301076,1909f56bfc062723c751e8b465ee728b) (PreviewImporter) -> (artifact id: '0003b19d284766e6673746d868c28610') in 0.0159097 seconds
Number of updated asset objects reloaded before import = 0Number of asset objects unloaded after import = 2

========================================================================
Received Import Request.
  Time since last request: 1.836741 seconds.
  path: Assets/Image/UI/Pose/Pose_Sit.png
  artifactKey: Guid(3a78574052245f849ac0500377e58809) Importer(815301076,1909f56bfc062723c751e8b465ee728b)
Start importing Assets/Image/UI/Pose/Pose_Sit.png using Guid(3a78574052245f849ac0500377e58809) Importer(815301076,1909f56bfc062723c751e8b465ee728b) (PreviewImporter) -> (artifact id: '9acc493d1eac33c9d5c3179fc8ecf134') in 0.0111836 seconds
Number of updated asset objects reloaded before import = 0Number of asset objects unloaded after import = 2

========================================================================
Received Import Request.
  Time since last request: 0.003468 seconds.
  path: Assets/Image/UI/Quick Slot/QuickSlot_UI_Base.png
  artifactKey: Guid(ebe9c2c11f984784ab8ab3a030d24452) Importer(815301076,1909f56bfc062723c751e8b465ee728b)
Start importing Assets/Image/UI/Quick Slot/QuickSlot_UI_Base.png using Guid(ebe9c2c11f984784ab8ab3a030d24452) Importer(815301076,1909f56bfc062723c751e8b465ee728b) (PreviewImporter) -> (artifact id: 'e690975899a911e1d272fc6b698ef04c') in 0.0122436 seconds
Number of updated asset objects reloaded before import = 0Number of asset objects unloaded after import = 2

========================================================================
Received Import Request.
  Time since last request: 0.081398 seconds.
  path: Assets/Materials/skin.jpg
  artifactKey: Guid(d34fa06f59507d340a8579e0d2dba11e) Importer(815301076,1909f56bfc062723c751e8b465ee728b)
Start importing Assets/Materials/skin.jpg using Guid(d34fa06f59507d340a8579e0d2dba11e) Importer(815301076,1909f56bfc062723c751e8b465ee728b) (PreviewImporter) -> (artifact id: '63bf2b38409889af69b591f4ed3ce3e0') in 0.0132325 seconds
Number of updated asset objects reloaded before import = 0Number of asset objects unloaded after import = 2

========================================================================
Received Import Request.
  Time since last request: 0.003081 seconds.
  path: Assets/Image/UI/Status/Status_Base_UI.png
  artifactKey: Guid(db70df7861239b64a84cb27feaf4e29d) Importer(815301076,1909f56bfc062723c751e8b465ee728b)
Start importing Assets/Image/UI/Status/Status_Base_UI.png using Guid(db70df7861239b64a84cb27feaf4e29d) Importer(815301076,1909f56bfc062723c751e8b465ee728b) (PreviewImporter) -> (artifact id: '527ef49a231d0b36ab9d778cd077ebaa') in 0.0127146 seconds
Number of updated asset objects reloaded before import = 0Number of asset objects unloaded after import = 2

========================================================================
Received Import Request.
  Time since last request: 0.085499 seconds.
  path: Assets/Image/UI/Status/Status_DP.png
  artifactKey: Guid(d9bf9de6e43f7d54b8bb2bcddd9598f9) Importer(815301076,1909f56bfc062723c751e8b465ee728b)
Start importing Assets/Image/UI/Status/Status_DP.png using Guid(d9bf9de6e43f7d54b8bb2bcddd9598f9) Importer(815301076,1909f56bfc062723c751e8b465ee728b) (PreviewImporter) -> (artifact id: '33ba7b9c87ef2b0266a12b6aeabd3d85') in 0.0125794 seconds
Number of updated asset objects reloaded before import = 0Number of asset objects unloaded after import = 2

========================================================================
Received Import Request.
  Time since last request: 0.002420 seconds.
  path: Assets/Image/UI/Status/Status_HP.png
  artifactKey: Guid(148ae4b379c6d6c4682093aad7481fb4) Importer(815301076,1909f56bfc062723c751e8b465ee728b)
Start importing Assets/Image/UI/Status/Status_HP.png using Guid(148ae4b379c6d6c4682093aad7481fb4) Importer(815301076,1909f56bfc062723c751e8b465ee728b) (PreviewImporter) -> (artifact id: '6f4c683f033bf8423a43fadf4527660d') in 0.0123801 seconds
Number of updated asset objects reloaded before import = 0Number of asset objects unloaded after import = 2

========================================================================
Received Import Request.
  Time since last request: 0.002511 seconds.
  path: Assets/Image/UI/Status/Status_Satisfy.png
  artifactKey: Guid(d824f721309ab764fb801b649eba8f54) Importer(815301076,1909f56bfc062723c751e8b465ee728b)
Start importing Assets/Image/UI/Status/Status_Satisfy.png using Guid(d824f721309ab764fb801b649eba8f54) Importer(815301076,1909f56bfc062723c751e8b465ee728b) (PreviewImporter) -> (artifact id: '190e3f39e6759fa6b528be114f2536a6') in 0.0129952 seconds
Number of updated asset objects reloaded before import = 0Number of asset objects unloaded after import = 2

========================================================================
Received Import Request.
  Time since last request: 0.191485 seconds.
  path: Assets/Water Shader/Water Bump.jpg
  artifactKey: Guid(acd79015ccc0b1a4f92259e7fee720a4) Importer(815301076,1909f56bfc062723c751e8b465ee728b)
Start importing Assets/Water Shader/Water Bump.jpg using Guid(acd79015ccc0b1a4f92259e7fee720a4) Importer(815301076,1909f56bfc062723c751e8b465ee728b) (PreviewImporter) -> (artifact id: '68d9d4806ac904193ae1c5435a8381b4') in 0.0140741 seconds
Number of updated asset objects reloaded before import = 0Number of asset objects unloaded after import = 2

========================================================================
Received Import Request.
  Time since last request: 105.893647 seconds.
  path: Assets/Tree_Textures/shadow.png
  artifactKey: Guid(0153508cc155cec4289f2e1edd38f7f7) Importer(2089858483,b0f066a214c2f5e87bad3c948f4d605d)
Start importing Assets/Tree_Textures/shadow.png using Guid(0153508cc155cec4289f2e1edd38f7f7) Importer(2089858483,b0f066a214c2f5e87bad3c948f4d605d) (ScriptedImporter) -> (artifact id: 'aaccb739c7d9fb36a527749b21624929') in 0.0651693 seconds
Number of updated asset objects reloaded before import = 0Number of asset objects unloaded after import = 1

========================================================================
Received Import Request.
  Time since last request: 0.000026 seconds.
  path: Assets/Tree_Textures/diffuse.png
  artifactKey: Guid(35ff852d46d4b14478b1dbada35cb81e) Importer(2089858483,b0f066a214c2f5e87bad3c948f4d605d)
Start importing Assets/Tree_Textures/diffuse.png using Guid(35ff852d46d4b14478b1dbada35cb81e) Importer(2089858483,b0f066a214c2f5e87bad3c948f4d605d) (ScriptedImporter) -> (artifact id: '4897599d3043061c54bcfc798b66c3e1') in 0.0185613 seconds
Number of updated asset objects reloaded before import = 0Number of asset objects unloaded after import = 1

========================================================================
Received Import Request.
  Time since last request: 0.000037 seconds.
  path: Assets/Tree_Textures
  artifactKey: Guid(c71d9d146ecd6674bb0c92567b7674f8) Importer(2089858483,b0f066a214c2f5e87bad3c948f4d605d)
Start importing Assets/Tree_Textures using Guid(c71d9d146ecd6674bb0c92567b7674f8) Importer(2089858483,b0f066a214c2f5e87bad3c948f4d605d) (ScriptedImporter) -> (artifact id: 'fd82c04dce5576303035a8a26749efbb') in 0.0130537 seconds
Number of updated asset objects reloaded before import = 0Number of asset objects unloaded after import = 1

========================================================================
Received Import Request.
  Time since last request: 0.000026 seconds.
  path: Assets/Tree_Textures/normal_specular.png
  artifactKey: Guid(455d55ff697ef8845a251b57fa02b300) Importer(2089858483,b0f066a214c2f5e87bad3c948f4d605d)
Start importing Assets/Tree_Textures/normal_specular.png using Guid(455d55ff697ef8845a251b57fa02b300) Importer(2089858483,b0f066a214c2f5e87bad3c948f4d605d) (ScriptedImporter) -> (artifact id: 'ca043312c7cf08274e36f54f4d1fd32f') in 0.017042 seconds
Number of updated asset objects reloaded before import = 0Number of asset objects unloaded after import = 1

========================================================================
Received Import Request.
  Time since last request: 0.000025 seconds.
  path: Assets/Tree_Textures/translucency_gloss.png
  artifactKey: Guid(8ee0c1305ff0b1f4fbdf4478569aff34) Importer(2089858483,b0f066a214c2f5e87bad3c948f4d605d)
Start importing Assets/Tree_Textures/translucency_gloss.png using Guid(8ee0c1305ff0b1f4fbdf4478569aff34) Importer(2089858483,b0f066a214c2f5e87bad3c948f4d605d) (ScriptedImporter) -> (artifact id: 'e7cb2a1e0e485fd4414e4f22dbec2371') in 0.0178828 seconds
Number of updated asset objects reloaded before import = 0Number of asset objects unloaded after import = 1

Editor requested this worker to shutdown with reason: Scaling down because of idle timeout
AssetImportWorker is now disconnected from the server
Process exiting
Exiting without the bug reporter. Application will terminate with return code 0